<?xml version="1.0" encoding="utf-8" standalone="no"?>
<!--This file represents the results of running a test suite-->
<test-results name="C:\sandbox\spellchecker\nunit_unspeller\unspeller.nunit" total="11" errors="0" failures="0" not-run="0" inconclusive="0" ignored="0" skipped="0" invalid="0" date="2011-12-31" time="20:53:58">
  <environment nunit-version="2.5.10.11092" clr-version="2.0.50727.5448" os-version="Microsoft Windows NT 6.1.7601 Service Pack 1" platform="Win32NT" cwd="C:\Program Files (x86)\NUnit 2.5.10\bin\net-2.0" machine-name="ANIMUS" user="Charles" user-domain="Animus" />
  <culture-info current-culture="en-US" current-uiculture="en-US" />
  <test-suite type="Test Project" name="C:\sandbox\spellchecker\nunit_unspeller\unspeller.nunit" executed="True" result="Success" success="True" time="0.037" asserts="0">
    <results>
      <test-suite type="Assembly" name="C:\sandbox\spellchecker\nunit_unspeller\..\unspeller\unspellerUnitTests\bin\Release\unspellerUnitTests.dll" executed="True" result="Success" success="True" time="0.022" asserts="0">
        <results>
          <test-suite type="Namespace" name="unspellerUnitTests" executed="True" result="Success" success="True" time="0.021" asserts="0">
            <results>
              <test-suite type="TestFixture" name="unspellerTests" executed="True" result="Success" success="True" time="0.021" asserts="0">
                <results>
                  <test-case name="unspellerUnitTests.unspellerTests.ChangeAllVowels" executed="True" result="Success" success="True" time="0.000" asserts="1" />
                  <test-case name="unspellerUnitTests.unspellerTests.ChangeCapatalizeationOnWord" executed="True" result="Success" success="True" time="0.001" asserts="1" />
                  <test-case name="unspellerUnitTests.unspellerTests.ChangeCapitalVowel" executed="True" result="Success" success="True" time="0.000" asserts="1" />
                  <test-case name="unspellerUnitTests.unspellerTests.ChangeCaseFromLowerToUpper" executed="True" result="Success" success="True" time="0.000" asserts="1" />
                  <test-case name="unspellerUnitTests.unspellerTests.ChangeCaseFromUpperToLower" executed="True" result="Success" success="True" time="0.000" asserts="1" />
                  <test-case name="unspellerUnitTests.unspellerTests.ChangeCharacter" executed="True" result="Success" success="True" time="0.000" asserts="1" />
                  <test-case name="unspellerUnitTests.unspellerTests.ChangeNoVowelWord" executed="True" result="Success" success="True" time="0.000" asserts="1" />
                  <test-case name="unspellerUnitTests.unspellerTests.ChangeWord" executed="True" result="Success" success="True" time="0.000" asserts="1" />
                  <test-case name="unspellerUnitTests.unspellerTests.DontChangeCaseOfDifferentCulture" executed="True" result="Success" success="True" time="0.000" asserts="1" />
                  <test-case name="unspellerUnitTests.unspellerTests.GetRepeatingCharData" executed="True" result="Success" success="True" time="0.000" asserts="1" />
                  <test-case name="unspellerUnitTests.unspellerTests.UnspellWord" executed="True" result="Success" success="True" time="0.000" asserts="1" />
                </results>
              </test-suite>
            </results>
          </test-suite>
        </results>
      </test-suite>
    </results>
  </test-suite>
</test-results>